<?xml version="1.0" encoding="UTF-8"?>
<!-- Generated by org.testng.reporters.JUnitReportReporter -->
<testsuite skipped="0" hostname="DESKTOP-NEII4G1" name="com.abc.testcase.LoginPageTestCase" tests="2" failures="0" timestamp="2023-02-23T10:04:46 IST" time="19.511" errors="0">
  <testcase name="TC2" time="11.487" classname="com.abc.testcase.LoginPageTestCase"/>
  <system-out/>
  <testcase name="TC1" time="8.024" classname="com.abc.testcase.LoginPageTestCase"/>
  <system-out/>
</testsuite> <!-- com.abc.testcase.LoginPageTestCase -->
